<?xml version="1.0" encoding="UTF-8"?>
<!-- Generated by org.testng.reporters.JUnitReportReporter -->
<testsuite skipped="0" hostname="WKWIN7106031" name="com.restapi.RestAssuredAutomation.BasicAuth" tests="1" failures="0" timestamp="18 Oct 2019 16:11:21 GMT" time="2.257" errors="0">
  <testcase name="basitAuthenticationAPI" time="2.257" classname="com.restapi.RestAssuredAutomation.BasicAuth"/>
</testsuite> <!-- com.restapi.RestAssuredAutomation.BasicAuth -->
