<?xml version="1.0" encoding="UTF-8"?>
<!-- Generated by org.testng.reporters.JUnitReportReporter -->
<testsuite skipped="0" hostname="WKWIN7106031" name="com.restapi.RestAssuredAutomation.OAuth2" tests="1" failures="0" timestamp="18 Oct 2019 18:50:21 GMT" time="2.394" errors="0">
  <testcase name="test1" time="2.394" classname="com.restapi.RestAssuredAutomation.OAuth2"/>
</testsuite> <!-- com.restapi.RestAssuredAutomation.OAuth2 -->
