<?xml version="1.0" encoding="UTF-8"?>
<!-- Generated by org.testng.reporters.JUnitReportReporter -->
<testsuite skipped="0" hostname="WKWIN7106031" name="com.restapi.RestAssuredAutomation.PostRequestDemo" tests="1" failures="0" timestamp="18 Oct 2019 16:18:41 GMT" time="2.918" errors="0">
  <testcase name="RegistrationSucessFull" time="2.918" classname="com.restapi.RestAssuredAutomation.PostRequestDemo"/>
</testsuite> <!-- com.restapi.RestAssuredAutomation.PostRequestDemo -->
