<?xml version="1.0" encoding="UTF-8"?>
<!-- Generated by org.testng.reporters.JUnitReportReporter -->
<testsuite skipped="0" hostname="WKWIN7106031" name="com.restapi.RestAssuredAutomation.AuthenticationDemo" tests="1" failures="0" timestamp="22 Nov 2019 09:57:33 GMT" time="2.403" errors="0">
  <testcase name="basitAuthenticationAPI" time="2.403" classname="com.restapi.RestAssuredAutomation.AuthenticationDemo"/>
</testsuite> <!-- com.restapi.RestAssuredAutomation.AuthenticationDemo -->
